Sat Oct 09 14:39:41 CST 2021  [debug] AvalonLogSystem initialized using logfile 'E:\code\JSPµÚ¶þ½×¶Î\day-076-ÖÜÁù²âÊÔ\.metadata\.plugins\com.genuitec.eclipse.templates\velocity.log'
Sat Oct 09 14:39:41 CST 2021   [info] ************************************************************** 
Sat Oct 09 14:39:41 CST 2021   [info] Starting Jakarta Velocity v1.4
Sat Oct 09 14:39:41 CST 2021   [info] RuntimeInstance initializing.
Sat Oct 09 14:39:41 CST 2021   [info] Default Properties File: org\apache\velocity\runtime\defaults\velocity.properties
Sat Oct 09 14:39:41 CST 2021   [info] Trying to use logger class org.apache.velocity.runtime.log.AvalonLogSystem
Sat Oct 09 14:39:41 CST 2021   [info] Using logger class org.apache.velocity.runtime.log.AvalonLogSystem
Sat Oct 09 14:39:41 CST 2021   [info] Default ResourceManager initializing. (class org.apache.velocity.runtime.resource.ResourceManagerImpl)
Sat Oct 09 14:39:41 CST 2021   [info] Resource Loader Instantiated: com.genuitec.eclipse.templates.internal.PluginResourceLoader
Sat Oct 09 14:39:41 CST 2021   [info] ResourceCache : initialized. (class org.apache.velocity.runtime.resource.ResourceCacheImpl)
Sat Oct 09 14:39:41 CST 2021   [info] Default ResourceManager initialization complete.
Sat Oct 09 14:39:41 CST 2021   [info] Loaded System Directive: org.apache.velocity.runtime.directive.Literal
Sat Oct 09 14:39:41 CST 2021   [info] Loaded System Directive: org.apache.velocity.runtime.directive.Macro
Sat Oct 09 14:39:41 CST 2021   [info] Loaded System Directive: org.apache.velocity.runtime.directive.Parse
Sat Oct 09 14:39:41 CST 2021   [info] Loaded System Directive: org.apache.velocity.runtime.directive.Include
Sat Oct 09 14:39:41 CST 2021   [info] Loaded System Directive: org.apache.velocity.runtime.directive.Foreach
Sat Oct 09 14:39:41 CST 2021   [info] Created: 20 parsers.
Sat Oct 09 14:39:41 CST 2021   [info] Velocimacro : initialization starting.
Sat Oct 09 14:39:41 CST 2021   [info] Velocimacro : adding VMs from VM library template : VM_global_library.vm
Sat Oct 09 14:39:41 CST 2021   [info] ResourceManager : found VM_global_library.vm with loader com.genuitec.eclipse.templates.internal.PluginResourceLoader
Sat Oct 09 14:39:41 CST 2021   [info] Velocimacro :  VM library template macro registration complete.
Sat Oct 09 14:39:41 CST 2021   [info] Velocimacro : allowInline = true : VMs can be defined inline in templates
Sat Oct 09 14:39:41 CST 2021   [info] Velocimacro : allowInlineToOverride = true : VMs defined inline may replace previous VM definitions
Sat Oct 09 14:39:41 CST 2021   [info] Velocimacro : allowInlineLocal = true : VMs defined inline will be local to their defining template only.
Sat Oct 09 14:39:41 CST 2021   [info] Velocimacro : messages on  : VM system will output logging messages
Sat Oct 09 14:39:41 CST 2021   [info] Velocimacro : autoload off  : VM system will not automatically reload global library macros
Sat Oct 09 14:39:41 CST 2021   [info] Velocimacro : initialization complete.
Sat Oct 09 14:39:41 CST 2021   [info] Velocity successfully started.
Sat Oct 09 14:39:41 CST 2021   [info] ResourceManager : found /templates/velocity/welcome/Jsp.vtl with loader com.genuitec.eclipse.templates.internal.PluginResourceLoader
